<?xml version="1.0" encoding="UTF-8"?>
<testsuite name="com.hypothetical.travel.HypotheticalTravelSystem.FileReadingTest" tests="3" skipped="0" failures="0" errors="0" timestamp="2024-02-27T08:11:09" hostname="VNPC016444" time="1.323">
  <properties/>
  <testcase name="testSummaryTrip()" classname="com.hypothetical.travel.HypotheticalTravelSystem.FileReadingTest" time="1.24"/>
  <testcase name="testUnProcessedTrip()" classname="com.hypothetical.travel.HypotheticalTravelSystem.FileReadingTest" time="0.039"/>
  <testcase name="testTrip()" classname="com.hypothetical.travel.HypotheticalTravelSystem.FileReadingTest" time="0.043"/>
  <system-out><![CDATA[Standard Commons Logging discovery in action with spring-jcl: please remove commons-logging.jar from classpath in order to avoid potential conflicts
15:11:07.838 [Test worker] INFO org.springframework.test.context.support.AnnotationConfigContextLoaderUtils -- Could not detect default configuration classes for test class [com.hypothetical.travel.HypotheticalTravelSystem.FileReadingTest]: FileReadingTest does not declare any static, non-private, non-final, nested classes annotated with @Configuration.
15:11:08.002 [Test worker] INFO org.springframework.boot.test.context.SpringBootTestContextBootstrapper -- Found @SpringBootConfiguration com.hypothetical.travel.HypotheticalTravelSystem.HypotheticalTravelSystemApplication for test class com.hypothetical.travel.HypotheticalTravelSystem.FileReadingTest

  .   ____          _            __ _ _
 /\\ / ___'_ __ _ _(_)_ __  __ _ \ \ \ \
( ( )\___ | '_ | '_| | '_ \/ _` | \ \ \ \
 \\/  ___)| |_)| | | | | || (_| |  ) ) ) )
  '  |____| .__|_| |_|_| |_\__, | / / / /
 =========|_|==============|___/=/_/_/_/
 :: Spring Boot ::                (v3.2.2)

2024-02-27T15:11:08.638+07:00  INFO 55508 --- [    Test worker] c.h.t.H.FileReadingTest                  : Starting FileReadingTest using Java 17.0.10 with PID 55508 (started by bhnn in /Users/bhnn/Documents/Projects/data/TravelSystem)
2024-02-27T15:11:08.640+07:00  INFO 55508 --- [    Test worker] c.h.t.H.FileReadingTest                  : No active profile set, falling back to 1 default profile: "default"
2024-02-27T15:11:09.180+07:00  INFO 55508 --- [    Test worker] c.h.t.H.FileReadingTest                  : Started FileReadingTest in 0.896 seconds (process running for 2.786)
Folder test_output created successfully.
]]></system-out>
  <system-err><![CDATA[]]></system-err>
</testsuite>
